02-android/app/build/intermediates/manifest_merge_blame_file/debug/manifest-merger-blame-debug-report.txt
1<?xml version="1.0" encoding="utf-8"?>
2<manifest xmlns:android="http://schemas.android.com/apk/res/android"
3    package="com.example.aplicacionmovil_software"
4    android:versionCode="1"
5    android:versionName="1.0" >
6
7    <uses-sdk
8        android:minSdkVersion="24"
8-->src\main\AndroidManifest.xml
9        android:targetSdkVersion="30" />
9-->src\main\AndroidManifest.xml
10
11    <uses-permission android:name="android.permission.ACCESS_FINE_LOCATION" />
11-->src\main\AndroidManifest.xml:5:5-79
11-->src\main\AndroidManifest.xml:5:22-76
12    <uses-permission android:name="android.permission.INTERNET" />
12-->src\main\AndroidManifest.xml:6:5-67
12-->src\main\AndroidManifest.xml:6:22-64
13    <uses-permission android:name="android.permission.ACCESS_NETWORK_STATE" />
13-->src\main\AndroidManifest.xml:7:5-79
13-->src\main\AndroidManifest.xml:7:22-76
14
15    <application
15-->src\main\AndroidManifest.xml:9:5-29:19
16        android:allowBackup="true"
16-->src\main\AndroidManifest.xml:10:9-35
17        android:appComponentFactory="androidx.core.app.CoreComponentFactory"
17-->[androidx.core:core:1.3.2] AndroidManifest.xml:24:18-86
18        android:debuggable="true"
19        android:extractNativeLibs="false"
20        android:icon="@mipmap/ic_launcher"
20-->src\main\AndroidManifest.xml:11:9-43
21        android:label="@string/app_name"
21-->src\main\AndroidManifest.xml:12:9-41
22        android:roundIcon="@mipmap/ic_launcher_round"
22-->src\main\AndroidManifest.xml:13:9-54
23        android:supportsRtl="true"
23-->src\main\AndroidManifest.xml:14:9-35
24        android:testOnly="true"
25        android:theme="@style/Theme.AplicacionMovil_Software" >
25-->src\main\AndroidManifest.xml:15:9-62
26        <activity android:name="com.example.aplicacionmovil_software.HHttpActivity" />
26-->src\main\AndroidManifest.xml:16:9-60
26-->src\main\AndroidManifest.xml:16:19-48
27        <activity android:name="com.example.aplicacionmovil_software.GRecyclerView" />
27-->src\main\AndroidManifest.xml:17:9-51
27-->src\main\AndroidManifest.xml:17:19-48
28        <activity android:name="com.example.aplicacionmovil_software.FIntentConRespuesta" />
28-->src\main\AndroidManifest.xml:18:9-57
28-->src\main\AndroidManifest.xml:18:19-54
29        <activity android:name="com.example.aplicacionmovil_software.CIntentExplicitoParametros" />
29-->src\main\AndroidManifest.xml:19:9-64
29-->src\main\AndroidManifest.xml:19:19-61
30        <activity android:name="com.example.aplicacionmovil_software.BListView" />
30-->src\main\AndroidManifest.xml:20:9-47
30-->src\main\AndroidManifest.xml:20:19-44
31        <activity android:name="com.example.aplicacionmovil_software.ACicloVida" />
31-->src\main\AndroidManifest.xml:21:9-48
31-->src\main\AndroidManifest.xml:21:19-45
32        <activity android:name="com.example.aplicacionmovil_software.MainActivity" >
32-->src\main\AndroidManifest.xml:22:9-28:20
32-->src\main\AndroidManifest.xml:22:19-47
33            <intent-filter>
33-->src\main\AndroidManifest.xml:23:13-27:29
34                <action android:name="android.intent.action.MAIN" />
34-->src\main\AndroidManifest.xml:24:17-69
34-->src\main\AndroidManifest.xml:24:25-66
35
36                <category android:name="android.intent.category.LAUNCHER" />
36-->src\main\AndroidManifest.xml:26:17-77
36-->src\main\AndroidManifest.xml:26:27-74
37            </intent-filter>
38        </activity>
39    </application>
40
41</manifest>